<html>
<head>
<title>TestNG:  OneMG</title>
<link href="../testng.css" rel="stylesheet" type="text/css" />
<link href="../my-testng.css" rel="stylesheet" type="text/css" />

<style type="text/css">
.log { display: none;} 
.stack-trace { display: none;} 
</style>
<script type="text/javascript">
<!--
function flip(e) {
  current = e.style.display;
  if (current == 'block') {
    e.style.display = 'none';
    return 0;
  }
  else {
    e.style.display = 'block';
    return 1;
  }
}

function toggleBox(szDivId, elem, msg1, msg2)
{
  var res = -1;  if (document.getElementById) {
    res = flip(document.getElementById(szDivId));
  }
  else if (document.all) {
    // this is the way old msie versions work
    res = flip(document.all[szDivId]);
  }
  if(elem) {
    if(res == 0) elem.innerHTML = msg1; else elem.innerHTML = msg2;
  }

}

function toggleAllBoxes() {
  if (document.getElementsByTagName) {
    d = document.getElementsByTagName('div');
    for (i = 0; i < d.length; i++) {
      if (d[i].className == 'log') {
        flip(d[i]);
      }
    }
  }
}

// -->
</script>

</head>
<body>
<h2 align='center'>OneMG</h2><table border='1' align="center">
<tr>
<td>Tests passed/Failed/Skipped:</td><td>3/6/0</td>
</tr><tr>
<td>Started on:</td><td>Thu Oct 26 21:20:35 IST 2023</td>
</tr>
<tr><td>Total time:</td><td>1455 seconds (1455534 ms)</td>
</tr><tr>
<td>Included groups:</td><td></td>
</tr><tr>
<td>Excluded groups:</td><td></td>
</tr>
</table><p/>
<small><i>(Hover the method name to see the test class name)</i></small><p/>
<table width='100%' border='1' class='invocation-failed'>
<tr><td colspan='4' align='center'><b>FAILED TESTS</b></td></tr>
<tr><td><b>Test method</b></td>
<td width="30%"><b>Exception</b></td>
<td width="10%"><b>Time (seconds)</b></td>
<td><b>Instance</b></td>
</tr>
<tr>
<td title='com.leaftaps.testcases.OneMg_CommonTests.runTests()'><b>runTests</b><br>Test class: com.leaftaps.testcases.OneMg_CommonTests<br>Parameters: Benfotiamine 150 Mg+Elemental Iron 100 Mg+Elemental Zinc 7.5 Mg+L-Methylfolate 1 Mg+Methylcobalamin 1500 Mcg+Pyridoxine 10 Mg+Vitamin D3 1000 Iu</td>
<td><div><pre>java.lang.RuntimeException: Test aborted
	at com.leaftaps.pages.OneMG_MainPage.getAll_Alternatives_Of_Molecule_StoreInMap(OneMG_MainPage.java:64)
	at com.leaftaps.testcases.OneMg_CommonTests.runTests(OneMg_CommonTests.java:25)
	at java.base/java.util.concurrent.FutureTask.run(FutureTask.java:264)
	at java.base/java.util.concurrent.Executors$RunnableAdapter.call(Executors.java:515)
	at java.base/java.util.concurrent.FutureTask.run(FutureTask.java:264)
	at java.base/java.util.concurrent.ThreadPoolExecutor.runWorker(ThreadPoolExecutor.java:1128)
	at java.base/java.util.concurrent.ThreadPoolExecutor$Worker.run(ThreadPoolExecutor.java:628)
	at java.base/java.lang.Thread.run(Thread.java:834)
... Removed 9 stack frames</pre></div><a href='#' onClick='toggleBox("stack-trace699497984", this, "Click to show all stack frames", "Click to hide stack frames")'>Click to show all stack frames</a>
<div class='stack-trace' id='stack-trace699497984'><pre>java.lang.RuntimeException: Test aborted
	at com.leaftaps.pages.OneMG_MainPage.getAll_Alternatives_Of_Molecule_StoreInMap(OneMG_MainPage.java:64)
	at com.leaftaps.testcases.OneMg_CommonTests.runTests(OneMg_CommonTests.java:25)
	at java.base/jdk.internal.reflect.NativeMethodAccessorImpl.invoke0(Native Method)
	at java.base/jdk.internal.reflect.NativeMethodAccessorImpl.invoke(NativeMethodAccessorImpl.java:62)
	at java.base/jdk.internal.reflect.DelegatingMethodAccessorImpl.invoke(DelegatingMethodAccessorImpl.java:43)
	at java.base/java.lang.reflect.Method.invoke(Method.java:566)
	at org.testng.internal.MethodInvocationHelper.invokeMethod(MethodInvocationHelper.java:104)
	at org.testng.internal.Invoker.invokeMethod(Invoker.java:645)
	at org.testng.internal.Invoker.invokeTestMethod(Invoker.java:851)
	at org.testng.internal.TestMethodWithDataProviderMethodWorker.call(TestMethodWithDataProviderMethodWorker.java:75)
	at org.testng.internal.TestMethodWithDataProviderMethodWorker.call(TestMethodWithDataProviderMethodWorker.java:14)
	at java.base/java.util.concurrent.FutureTask.run(FutureTask.java:264)
	at java.base/java.util.concurrent.Executors$RunnableAdapter.call(Executors.java:515)
	at java.base/java.util.concurrent.FutureTask.run(FutureTask.java:264)
	at java.base/java.util.concurrent.ThreadPoolExecutor.runWorker(ThreadPoolExecutor.java:1128)
	at java.base/java.util.concurrent.ThreadPoolExecutor$Worker.run(ThreadPoolExecutor.java:628)
	at java.base/java.lang.Thread.run(Thread.java:834)
</pre></div></td>
<td>79</td>
<td>com.leaftaps.testcases.OneMg_CommonTests@ab7395e</td></tr>
<tr>
<td title='com.leaftaps.testcases.OneMg_CommonTests.runTests()'><b>runTests</b><br>Test class: com.leaftaps.testcases.OneMg_CommonTests<br>Parameters: Bed Bath</td>
<td><div><pre>java.lang.RuntimeException: Test aborted
	at com.leaftaps.pages.OneMG_MainPage.getAll_Alternatives_Of_Molecule_StoreInMap(OneMG_MainPage.java:64)
	at com.leaftaps.testcases.OneMg_CommonTests.runTests(OneMg_CommonTests.java:25)
	at java.base/java.util.concurrent.FutureTask.run(FutureTask.java:264)
	at java.base/java.util.concurrent.Executors$RunnableAdapter.call(Executors.java:515)
	at java.base/java.util.concurrent.FutureTask.run(FutureTask.java:264)
	at java.base/java.util.concurrent.ThreadPoolExecutor.runWorker(ThreadPoolExecutor.java:1128)
	at java.base/java.util.concurrent.ThreadPoolExecutor$Worker.run(ThreadPoolExecutor.java:628)
	at java.base/java.lang.Thread.run(Thread.java:834)
... Removed 9 stack frames</pre></div><a href='#' onClick='toggleBox("stack-trace621106342", this, "Click to show all stack frames", "Click to hide stack frames")'>Click to show all stack frames</a>
<div class='stack-trace' id='stack-trace621106342'><pre>java.lang.RuntimeException: Test aborted
	at com.leaftaps.pages.OneMG_MainPage.getAll_Alternatives_Of_Molecule_StoreInMap(OneMG_MainPage.java:64)
	at com.leaftaps.testcases.OneMg_CommonTests.runTests(OneMg_CommonTests.java:25)
	at java.base/jdk.internal.reflect.NativeMethodAccessorImpl.invoke0(Native Method)
	at java.base/jdk.internal.reflect.NativeMethodAccessorImpl.invoke(NativeMethodAccessorImpl.java:62)
	at java.base/jdk.internal.reflect.DelegatingMethodAccessorImpl.invoke(DelegatingMethodAccessorImpl.java:43)
	at java.base/java.lang.reflect.Method.invoke(Method.java:566)
	at org.testng.internal.MethodInvocationHelper.invokeMethod(MethodInvocationHelper.java:104)
	at org.testng.internal.Invoker.invokeMethod(Invoker.java:645)
	at org.testng.internal.Invoker.invokeTestMethod(Invoker.java:851)
	at org.testng.internal.TestMethodWithDataProviderMethodWorker.call(TestMethodWithDataProviderMethodWorker.java:75)
	at org.testng.internal.TestMethodWithDataProviderMethodWorker.call(TestMethodWithDataProviderMethodWorker.java:14)
	at java.base/java.util.concurrent.FutureTask.run(FutureTask.java:264)
	at java.base/java.util.concurrent.Executors$RunnableAdapter.call(Executors.java:515)
	at java.base/java.util.concurrent.FutureTask.run(FutureTask.java:264)
	at java.base/java.util.concurrent.ThreadPoolExecutor.runWorker(ThreadPoolExecutor.java:1128)
	at java.base/java.util.concurrent.ThreadPoolExecutor$Worker.run(ThreadPoolExecutor.java:628)
	at java.base/java.lang.Thread.run(Thread.java:834)
</pre></div></td>
<td>88</td>
<td>com.leaftaps.testcases.OneMg_CommonTests@ab7395e</td></tr>
<tr>
<td title='com.leaftaps.testcases.OneMg_CommonTests.runTests()'><b>runTests</b><br>Test class: com.leaftaps.testcases.OneMg_CommonTests<br>Parameters: Bed &Pillow Cover</td>
<td><div><pre>java.lang.RuntimeException: Test aborted
	at com.leaftaps.pages.OneMG_MainPage.getAll_Alternatives_Of_Molecule_StoreInMap(OneMG_MainPage.java:64)
	at com.leaftaps.testcases.OneMg_CommonTests.runTests(OneMg_CommonTests.java:25)
	at java.base/java.util.concurrent.FutureTask.run(FutureTask.java:264)
	at java.base/java.util.concurrent.Executors$RunnableAdapter.call(Executors.java:515)
	at java.base/java.util.concurrent.FutureTask.run(FutureTask.java:264)
	at java.base/java.util.concurrent.ThreadPoolExecutor.runWorker(ThreadPoolExecutor.java:1128)
	at java.base/java.util.concurrent.ThreadPoolExecutor$Worker.run(ThreadPoolExecutor.java:628)
	at java.base/java.lang.Thread.run(Thread.java:834)
... Removed 9 stack frames</pre></div><a href='#' onClick='toggleBox("stack-trace1066068979", this, "Click to show all stack frames", "Click to hide stack frames")'>Click to show all stack frames</a>
<div class='stack-trace' id='stack-trace1066068979'><pre>java.lang.RuntimeException: Test aborted
	at com.leaftaps.pages.OneMG_MainPage.getAll_Alternatives_Of_Molecule_StoreInMap(OneMG_MainPage.java:64)
	at com.leaftaps.testcases.OneMg_CommonTests.runTests(OneMg_CommonTests.java:25)
	at java.base/jdk.internal.reflect.NativeMethodAccessorImpl.invoke0(Native Method)
	at java.base/jdk.internal.reflect.NativeMethodAccessorImpl.invoke(NativeMethodAccessorImpl.java:62)
	at java.base/jdk.internal.reflect.DelegatingMethodAccessorImpl.invoke(DelegatingMethodAccessorImpl.java:43)
	at java.base/java.lang.reflect.Method.invoke(Method.java:566)
	at org.testng.internal.MethodInvocationHelper.invokeMethod(MethodInvocationHelper.java:104)
	at org.testng.internal.Invoker.invokeMethod(Invoker.java:645)
	at org.testng.internal.Invoker.invokeTestMethod(Invoker.java:851)
	at org.testng.internal.TestMethodWithDataProviderMethodWorker.call(TestMethodWithDataProviderMethodWorker.java:75)
	at org.testng.internal.TestMethodWithDataProviderMethodWorker.call(TestMethodWithDataProviderMethodWorker.java:14)
	at java.base/java.util.concurrent.FutureTask.run(FutureTask.java:264)
	at java.base/java.util.concurrent.Executors$RunnableAdapter.call(Executors.java:515)
	at java.base/java.util.concurrent.FutureTask.run(FutureTask.java:264)
	at java.base/java.util.concurrent.ThreadPoolExecutor.runWorker(ThreadPoolExecutor.java:1128)
	at java.base/java.util.concurrent.ThreadPoolExecutor$Worker.run(ThreadPoolExecutor.java:628)
	at java.base/java.lang.Thread.run(Thread.java:834)
</pre></div></td>
<td>94</td>
<td>com.leaftaps.testcases.OneMg_CommonTests@ab7395e</td></tr>
<tr>
<td title='com.leaftaps.testcases.OneMg_CommonTests.runTests()'><b>runTests</b><br>Test class: com.leaftaps.testcases.OneMg_CommonTests<br>Parameters: Bandage</td>
<td><div><pre>java.lang.RuntimeException: Test aborted
	at com.leaftaps.pages.OneMG_MainPage.getAll_Alternatives_Of_Molecule_StoreInMap(OneMG_MainPage.java:64)
	at com.leaftaps.testcases.OneMg_CommonTests.runTests(OneMg_CommonTests.java:25)
	at java.base/java.util.concurrent.FutureTask.run(FutureTask.java:264)
	at java.base/java.util.concurrent.Executors$RunnableAdapter.call(Executors.java:515)
	at java.base/java.util.concurrent.FutureTask.run(FutureTask.java:264)
	at java.base/java.util.concurrent.ThreadPoolExecutor.runWorker(ThreadPoolExecutor.java:1128)
	at java.base/java.util.concurrent.ThreadPoolExecutor$Worker.run(ThreadPoolExecutor.java:628)
	at java.base/java.lang.Thread.run(Thread.java:834)
... Removed 9 stack frames</pre></div><a href='#' onClick='toggleBox("stack-trace547360126", this, "Click to show all stack frames", "Click to hide stack frames")'>Click to show all stack frames</a>
<div class='stack-trace' id='stack-trace547360126'><pre>java.lang.RuntimeException: Test aborted
	at com.leaftaps.pages.OneMG_MainPage.getAll_Alternatives_Of_Molecule_StoreInMap(OneMG_MainPage.java:64)
	at com.leaftaps.testcases.OneMg_CommonTests.runTests(OneMg_CommonTests.java:25)
	at java.base/jdk.internal.reflect.NativeMethodAccessorImpl.invoke0(Native Method)
	at java.base/jdk.internal.reflect.NativeMethodAccessorImpl.invoke(NativeMethodAccessorImpl.java:62)
	at java.base/jdk.internal.reflect.DelegatingMethodAccessorImpl.invoke(DelegatingMethodAccessorImpl.java:43)
	at java.base/java.lang.reflect.Method.invoke(Method.java:566)
	at org.testng.internal.MethodInvocationHelper.invokeMethod(MethodInvocationHelper.java:104)
	at org.testng.internal.Invoker.invokeMethod(Invoker.java:645)
	at org.testng.internal.Invoker.invokeTestMethod(Invoker.java:851)
	at org.testng.internal.TestMethodWithDataProviderMethodWorker.call(TestMethodWithDataProviderMethodWorker.java:75)
	at org.testng.internal.TestMethodWithDataProviderMethodWorker.call(TestMethodWithDataProviderMethodWorker.java:14)
	at java.base/java.util.concurrent.FutureTask.run(FutureTask.java:264)
	at java.base/java.util.concurrent.Executors$RunnableAdapter.call(Executors.java:515)
	at java.base/java.util.concurrent.FutureTask.run(FutureTask.java:264)
	at java.base/java.util.concurrent.ThreadPoolExecutor.runWorker(ThreadPoolExecutor.java:1128)
	at java.base/java.util.concurrent.ThreadPoolExecutor$Worker.run(ThreadPoolExecutor.java:628)
	at java.base/java.lang.Thread.run(Thread.java:834)
</pre></div></td>
<td>77</td>
<td>com.leaftaps.testcases.OneMg_CommonTests@ab7395e</td></tr>
<tr>
<td title='com.leaftaps.testcases.OneMg_CommonTests.runTests()'><b>runTests</b><br>Test class: com.leaftaps.testcases.OneMg_CommonTests<br>Parameters: Azithromycin (500Mg)</td>
<td><div><pre>java.lang.RuntimeException: Test aborted
	at com.leaftaps.pages.OneMG_MainPage.getAll_Alternatives_Of_Molecule_StoreInMap(OneMG_MainPage.java:64)
	at com.leaftaps.testcases.OneMg_CommonTests.runTests(OneMg_CommonTests.java:25)
	at java.base/java.util.concurrent.FutureTask.run(FutureTask.java:264)
	at java.base/java.util.concurrent.Executors$RunnableAdapter.call(Executors.java:515)
	at java.base/java.util.concurrent.FutureTask.run(FutureTask.java:264)
	at java.base/java.util.concurrent.ThreadPoolExecutor.runWorker(ThreadPoolExecutor.java:1128)
	at java.base/java.util.concurrent.ThreadPoolExecutor$Worker.run(ThreadPoolExecutor.java:628)
	at java.base/java.lang.Thread.run(Thread.java:834)
... Removed 9 stack frames</pre></div><a href='#' onClick='toggleBox("stack-trace1694910401", this, "Click to show all stack frames", "Click to hide stack frames")'>Click to show all stack frames</a>
<div class='stack-trace' id='stack-trace1694910401'><pre>java.lang.RuntimeException: Test aborted
	at com.leaftaps.pages.OneMG_MainPage.getAll_Alternatives_Of_Molecule_StoreInMap(OneMG_MainPage.java:64)
	at com.leaftaps.testcases.OneMg_CommonTests.runTests(OneMg_CommonTests.java:25)
	at java.base/jdk.internal.reflect.NativeMethodAccessorImpl.invoke0(Native Method)
	at java.base/jdk.internal.reflect.NativeMethodAccessorImpl.invoke(NativeMethodAccessorImpl.java:62)
	at java.base/jdk.internal.reflect.DelegatingMethodAccessorImpl.invoke(DelegatingMethodAccessorImpl.java:43)
	at java.base/java.lang.reflect.Method.invoke(Method.java:566)
	at org.testng.internal.MethodInvocationHelper.invokeMethod(MethodInvocationHelper.java:104)
	at org.testng.internal.Invoker.invokeMethod(Invoker.java:645)
	at org.testng.internal.Invoker.invokeTestMethod(Invoker.java:851)
	at org.testng.internal.TestMethodWithDataProviderMethodWorker.call(TestMethodWithDataProviderMethodWorker.java:75)
	at org.testng.internal.TestMethodWithDataProviderMethodWorker.call(TestMethodWithDataProviderMethodWorker.java:14)
	at java.base/java.util.concurrent.FutureTask.run(FutureTask.java:264)
	at java.base/java.util.concurrent.Executors$RunnableAdapter.call(Executors.java:515)
	at java.base/java.util.concurrent.FutureTask.run(FutureTask.java:264)
	at java.base/java.util.concurrent.ThreadPoolExecutor.runWorker(ThreadPoolExecutor.java:1128)
	at java.base/java.util.concurrent.ThreadPoolExecutor$Worker.run(ThreadPoolExecutor.java:628)
	at java.base/java.lang.Thread.run(Thread.java:834)
</pre></div></td>
<td>364</td>
<td>com.leaftaps.testcases.OneMg_CommonTests@ab7395e</td></tr>
<tr>
<td title='com.leaftaps.testcases.OneMg_CommonTests.runTests()'><b>runTests</b><br>Test class: com.leaftaps.testcases.OneMg_CommonTests<br>Parameters: Atracurium Besylate 25 Mg /2.5Ml</td>
<td><div><pre>java.lang.RuntimeException: Test aborted
	at com.leaftaps.pages.OneMG_MainPage.getAll_Alternatives_Of_Molecule_StoreInMap(OneMG_MainPage.java:64)
	at com.leaftaps.testcases.OneMg_CommonTests.runTests(OneMg_CommonTests.java:25)
	at java.base/java.util.concurrent.FutureTask.run(FutureTask.java:264)
	at java.base/java.util.concurrent.Executors$RunnableAdapter.call(Executors.java:515)
	at java.base/java.util.concurrent.FutureTask.run(FutureTask.java:264)
	at java.base/java.util.concurrent.ThreadPoolExecutor.runWorker(ThreadPoolExecutor.java:1128)
	at java.base/java.util.concurrent.ThreadPoolExecutor$Worker.run(ThreadPoolExecutor.java:628)
	at java.base/java.lang.Thread.run(Thread.java:834)
... Removed 9 stack frames</pre></div><a href='#' onClick='toggleBox("stack-trace2037685727", this, "Click to show all stack frames", "Click to hide stack frames")'>Click to show all stack frames</a>
<div class='stack-trace' id='stack-trace2037685727'><pre>java.lang.RuntimeException: Test aborted
	at com.leaftaps.pages.OneMG_MainPage.getAll_Alternatives_Of_Molecule_StoreInMap(OneMG_MainPage.java:64)
	at com.leaftaps.testcases.OneMg_CommonTests.runTests(OneMg_CommonTests.java:25)
	at java.base/jdk.internal.reflect.NativeMethodAccessorImpl.invoke0(Native Method)
	at java.base/jdk.internal.reflect.NativeMethodAccessorImpl.invoke(NativeMethodAccessorImpl.java:62)
	at java.base/jdk.internal.reflect.DelegatingMethodAccessorImpl.invoke(DelegatingMethodAccessorImpl.java:43)
	at java.base/java.lang.reflect.Method.invoke(Method.java:566)
	at org.testng.internal.MethodInvocationHelper.invokeMethod(MethodInvocationHelper.java:104)
	at org.testng.internal.Invoker.invokeMethod(Invoker.java:645)
	at org.testng.internal.Invoker.invokeTestMethod(Invoker.java:851)
	at org.testng.internal.TestMethodWithDataProviderMethodWorker.call(TestMethodWithDataProviderMethodWorker.java:75)
	at org.testng.internal.TestMethodWithDataProviderMethodWorker.call(TestMethodWithDataProviderMethodWorker.java:14)
	at java.base/java.util.concurrent.FutureTask.run(FutureTask.java:264)
	at java.base/java.util.concurrent.Executors$RunnableAdapter.call(Executors.java:515)
	at java.base/java.util.concurrent.FutureTask.run(FutureTask.java:264)
	at java.base/java.util.concurrent.ThreadPoolExecutor.runWorker(ThreadPoolExecutor.java:1128)
	at java.base/java.util.concurrent.ThreadPoolExecutor$Worker.run(ThreadPoolExecutor.java:628)
	at java.base/java.lang.Thread.run(Thread.java:834)
</pre></div></td>
<td>1009</td>
<td>com.leaftaps.testcases.OneMg_CommonTests@ab7395e</td></tr>
</table><p>
<table width='100%' border='1' class='invocation-passed'>
<tr><td colspan='4' align='center'><b>PASSED TESTS</b></td></tr>
<tr><td><b>Test method</b></td>
<td width="30%"><b>Exception</b></td>
<td width="10%"><b>Time (seconds)</b></td>
<td><b>Instance</b></td>
</tr>
<tr>
<td title='com.leaftaps.testcases.OneMg_CommonTests.runTests()'><b>runTests</b><br>Test class: com.leaftaps.testcases.OneMg_CommonTests<br>Parameters: Avibactam-0.5Gm + Ceftazidime-2Gm</td>
<td></td>
<td>148</td>
<td>com.leaftaps.testcases.OneMg_CommonTests@ab7395e</td></tr>
<tr>
<td title='com.leaftaps.testcases.OneMg_CommonTests.runTests()'><b>runTests</b><br>Test class: com.leaftaps.testcases.OneMg_CommonTests<br>Parameters: Aztreonam (1Gm)</td>
<td></td>
<td>699</td>
<td>com.leaftaps.testcases.OneMg_CommonTests@ab7395e</td></tr>
<tr>
<td title='com.leaftaps.testcases.OneMg_CommonTests.runTests()'><b>runTests</b><br>Test class: com.leaftaps.testcases.OneMg_CommonTests<br>Parameters: Bacillus Clausii 2 Billion</td>
<td></td>
<td>1333</td>
<td>com.leaftaps.testcases.OneMg_CommonTests@ab7395e</td></tr>
</table><p>
</body>
</html>